0 verbose cli /data/data/com.termux/files/usr/bin/node /data/data/com.termux/files/usr/bin/npm
1 info using npm@10.9.2
2 info using node@v23.10.0
3 silly config load:file:/data/data/com.termux/files/usr/lib/node_modules/npm/npmrc
4 silly config load:file:/data/data/com.termux/files/usr/tmp/.create-expo-app/template-cache/.npmrc
5 silly config load:file:/data/data/com.termux/files/home/.npmrc
6 silly config load:file:/data/data/com.termux/files/usr/etc/npmrc
7 verbose title npm pack expo-template-default@latest
8 verbose argv "pack" "expo-template-default@latest" "--json"
9 verbose logfile logs-max:10 dir:/data/data/com.termux/files/home/.npm/_logs/2025-05-01T19_39_11_475Z-
10 verbose logfile /data/data/com.termux/files/home/.npm/_logs/2025-05-01T19_39_11_475Z-debug-0.log
11 silly logfile start cleaning logs, removing 1 files
12 silly logfile done cleaning log files
13 http cache https://registry.npmjs.org/expo-template-default 228ms (cache hit)
14 http cache https://registry.npmjs.org/expo-template-default 43ms (cache hit)
15 http cache https://registry.npmjs.org/expo-template-default/-/expo-template-default-53.0.20.tgz 0ms (cache hit)
16 verbose cwd /data/data/com.termux/files/usr/tmp/.create-expo-app/template-cache
17 verbose os Linux 5.4.276-android12-9-660519-g65a797a943d7-ab794
18 verbose node v23.10.0
19 verbose npm  v10.9.2
20 verbose exit 0
21 info ok
