2025-05-01T19:22:30.963Z ApiV2Error: "username": String must contain at least 1 character(s).
2025-05-01T19:22:30.963Z     at ApiV2Client.handleApiErrorAsync (/data/data/com.termux/files/usr/lib/node_modules/eas-cli/build/api.js:60:23)
2025-05-01T19:22:30.963Z     at async ApiV2Client.requestAsync (/data/data/com.termux/files/usr/lib/node_modules/eas-cli/build/api.js:47:13)
2025-05-01T19:22:30.963Z     at async ApiV2Client.postAsync (/data/data/com.termux/files/usr/lib/node_modules/eas-cli/build/api.js:16:16)
2025-05-01T19:22:30.963Z     at async fetchSessionSecretAndUserAsync (/data/data/com.termux/files/usr/lib/node_modules/eas-cli/build/user/fetchSessionSecretAndUser.js:12:18)
2025-05-01T19:22:30.963Z     at async SessionManager.loginAsync (/data/data/com.termux/files/usr/lib/node_modules/eas-cli/build/user/SessionManager.js:154:49)
2025-05-01T19:22:30.963Z     at async SessionManager.showLoginPromptAsync (/data/data/com.termux/files/usr/lib/node_modules/eas-cli/build/user/SessionManager.js:130:13)
2025-05-01T19:22:30.963Z     at async AccountLogin.runAsync (/data/data/com.termux/files/usr/lib/node_modules/eas-cli/build/commands/account/login.js:40:9)
2025-05-01T19:22:30.963Z     at async AccountLogin.run (/data/data/com.termux/files/usr/lib/node_modules/eas-cli/build/commandUtils/EasCommand.js:168:16)
2025-05-01T19:22:30.963Z     at async AccountLogin._run (/data/data/com.termux/files/usr/lib/node_modules/eas-cli/node_modules/@oclif/core/lib/command.js:80:22)
2025-05-01T19:23:03.120Z ApiV2Error: Your username, email, or password was incorrect.
2025-05-01T19:23:03.120Z     at ApiV2Client.handleApiErrorAsync (/data/data/com.termux/files/usr/lib/node_modules/eas-cli/build/api.js:60:23)
2025-05-01T19:23:03.120Z     at async ApiV2Client.requestAsync (/data/data/com.termux/files/usr/lib/node_modules/eas-cli/build/api.js:47:13)
2025-05-01T19:23:03.120Z     at async ApiV2Client.postAsync (/data/data/com.termux/files/usr/lib/node_modules/eas-cli/build/api.js:16:16)
2025-05-01T19:23:03.120Z     at async fetchSessionSecretAndUserAsync (/data/data/com.termux/files/usr/lib/node_modules/eas-cli/build/user/fetchSessionSecretAndUser.js:12:18)
2025-05-01T19:23:03.120Z     at async SessionManager.loginAsync (/data/data/com.termux/files/usr/lib/node_modules/eas-cli/build/user/SessionManager.js:154:49)
2025-05-01T19:23:03.120Z     at async SessionManager.showLoginPromptAsync (/data/data/com.termux/files/usr/lib/node_modules/eas-cli/build/user/SessionManager.js:130:13)
2025-05-01T19:23:03.120Z     at async AccountLogin.runAsync (/data/data/com.termux/files/usr/lib/node_modules/eas-cli/build/commands/account/login.js:40:9)
2025-05-01T19:23:03.120Z     at async AccountLogin.run (/data/data/com.termux/files/usr/lib/node_modules/eas-cli/build/commandUtils/EasCommand.js:168:16)
2025-05-01T19:23:03.120Z     at async AccountLogin._run (/data/data/com.termux/files/usr/lib/node_modules/eas-cli/node_modules/@oclif/core/lib/command.js:80:22)
